<?xml version="1.0" encoding="UTF-8"?>
<coverage generated="1783352127794" clover="3.2.0">
  <project timestamp="1783352127794" name="All files">
    <metrics statements="62" coveredstatements="60" conditionals="18" coveredconditionals="14" methods="8" coveredmethods="8" elements="88" coveredelements="82" complexity="0" loc="62" ncloc="62" packages="1" files="1" classes="1"/>
    <file name="app.js" path="C:\Users\40721\Desktop\CI_Project\CI-Secret-Notes-frontend\src\app.js">
      <metrics statements="62" coveredstatements="60" conditionals="18" coveredconditionals="14" methods="8" coveredmethods="8"/>
      <line num="1" count="10" type="stmt"/>
      <line num="2" count="10" type="cond" truecount="1" falsecount="1"/>
      <line num="3" count="0" type="stmt"/>
      <line num="8" count="13" type="stmt"/>
      <line num="9" count="13" type="stmt"/>
      <line num="10" count="10" type="stmt"/>
      <line num="11" count="2" type="stmt"/>
      <line num="13" count="11" type="stmt"/>
      <line num="17" count="10" type="stmt"/>
      <line num="18" count="10" type="stmt"/>
      <line num="19" count="10" type="stmt"/>
      <line num="20" count="10" type="stmt"/>
      <line num="22" count="10" type="stmt"/>
      <line num="23" count="2" type="cond" truecount="2" falsecount="0"/>
      <line num="24" count="2" type="stmt"/>
      <line num="25" count="2" type="cond" truecount="2" falsecount="0"/>
      <line num="28" count="10" type="stmt"/>
      <line num="29" count="1" type="stmt"/>
      <line num="31" count="1" type="stmt"/>
      <line num="32" count="1" type="stmt"/>
      <line num="33" count="1" type="stmt"/>
      <line num="35" count="1" type="stmt"/>
      <line num="36" count="1" type="stmt"/>
      <line num="42" count="1" type="stmt"/>
      <line num="43" count="1" type="stmt"/>
      <line num="44" count="1" type="stmt"/>
      <line num="46" count="1" type="stmt"/>
      <line num="48" count="0" type="stmt"/>
      <line num="53" count="9" type="stmt"/>
      <line num="55" count="9" type="stmt"/>
      <line num="56" count="9" type="stmt"/>
      <line num="57" count="9" type="stmt"/>
      <line num="60" count="9" type="stmt"/>
      <line num="77" count="9" type="stmt"/>
      <line num="78" count="9" type="stmt"/>
      <line num="79" count="9" type="stmt"/>
      <line num="80" count="9" type="stmt"/>
      <line num="81" count="9" type="stmt"/>
      <line num="82" count="9" type="stmt"/>
      <line num="85" count="9" type="stmt"/>
      <line num="86" count="9" type="stmt"/>
      <line num="87" count="9" type="stmt"/>
      <line num="89" count="9" type="stmt"/>
      <line num="92" count="9" type="stmt"/>
      <line num="93" count="1" type="cond" truecount="1" falsecount="1"/>
      <line num="94" count="1" type="stmt"/>
      <line num="95" count="1" type="cond" truecount="1" falsecount="1"/>
      <line num="99" count="9" type="stmt"/>
      <line num="100" count="3" type="stmt"/>
      <line num="102" count="3" type="stmt"/>
      <line num="103" count="3" type="stmt"/>
      <line num="109" count="2" type="stmt"/>
      <line num="111" count="2" type="cond" truecount="4" falsecount="0"/>
      <line num="112" count="1" type="stmt"/>
      <line num="113" count="1" type="stmt"/>
      <line num="114" count="1" type="stmt"/>
      <line num="116" count="1" type="stmt"/>
      <line num="117" count="1" type="stmt"/>
      <line num="120" count="1" type="stmt"/>
      <line num="126" count="10" type="stmt"/>
      <line num="128" count="10" type="cond" truecount="3" falsecount="1"/>
      <line num="129" count="10" type="stmt"/>
    </file>
  </project>
</coverage>
