{"C:\\Users\\40721\\Desktop\\CI_Project\\CI-Secret-Notes-frontend\\src\\app.js": {"path":"C:\\Users\\40721\\Desktop\\CI_Project\\CI-Secret-Notes-frontend\\src\\app.js","statementMap":{"0":{"start":{"line":1,"column":0},"end":{"line":5,"column":3}},"1":{"start":{"line":2,"column":4},"end":{"line":4,"column":5}},"2":{"start":{"line":3,"column":8},"end":{"line":3,"column":72}},"3":{"start":{"line":8,"column":4},"end":{"line":14,"column":5}},"4":{"start":{"line":9,"column":25},"end":{"line":9,"column":50}},"5":{"start":{"line":10,"column":21},"end":{"line":10,"column":42}},"6":{"start":{"line":11,"column":8},"end":{"line":11,"column":26}},"7":{"start":{"line":13,"column":8},"end":{"line":13,"column":29}},"8":{"start":{"line":17,"column":19},"end":{"line":17,"column":57}},"9":{"start":{"line":18,"column":25},"end":{"line":18,"column":70}},"10":{"start":{"line":19,"column":24},"end":{"line":19,"column":82}},"11":{"start":{"line":20,"column":23},"end":{"line":20,"column":58}},"12":{"start":{"line":22,"column":0},"end":{"line":26,"column":3}},"13":{"start":{"line":23,"column":17},"end":{"line":23,"column":89}},"14":{"start":{"line":24,"column":4},"end":{"line":24,"column":46}},"15":{"start":{"line":25,"column":4},"end":{"line":25,"column":72}},"16":{"start":{"line":28,"column":0},"end":{"line":50,"column":3}},"17":{"start":{"line":29,"column":4},"end":{"line":29,"column":23}},"18":{"start":{"line":31,"column":18},"end":{"line":31,"column":61}},"19":{"start":{"line":32,"column":16},"end":{"line":32,"column":57}},"20":{"start":{"line":33,"column":20},"end":{"line":33,"column":65}},"21":{"start":{"line":35,"column":4},"end":{"line":49,"column":5}},"22":{"start":{"line":36,"column":8},"end":{"line":40,"column":11}},"23":{"start":{"line":42,"column":8},"end":{"line":42,"column":27}},"24":{"start":{"line":43,"column":8},"end":{"line":43,"column":56}},"25":{"start":{"line":44,"column":8},"end":{"line":44,"column":45}},"26":{"start":{"line":46,"column":8},"end":{"line":46,"column":30}},"27":{"start":{"line":48,"column":8},"end":{"line":48,"column":29}},"28":{"start":{"line":53,"column":4},"end":{"line":53,"column":36}},"29":{"start":{"line":55,"column":4},"end":{"line":123,"column":7}},"30":{"start":{"line":56,"column":24},"end":{"line":56,"column":57}},"31":{"start":{"line":57,"column":8},"end":{"line":57,"column":40}},"32":{"start":{"line":60,"column":8},"end":{"line":74,"column":10}},"33":{"start":{"line":77,"column":24},"end":{"line":77,"column":63}},"34":{"start":{"line":78,"column":24},"end":{"line":78,"column":58}},"35":{"start":{"line":79,"column":27},"end":{"line":79,"column":70}},"36":{"start":{"line":80,"column":26},"end":{"line":80,"column":67}},"37":{"start":{"line":81,"column":26},"end":{"line":81,"column":64}},"38":{"start":{"line":82,"column":26},"end":{"line":82,"column":63}},"39":{"start":{"line":85,"column":8},"end":{"line":85,"column":41}},"40":{"start":{"line":86,"column":8},"end":{"line":86,"column":39}},"41":{"start":{"line":87,"column":8},"end":{"line":87,"column":45}},"42":{"start":{"line":89,"column":8},"end":{"line":89,"column":46}},"43":{"start":{"line":92,"column":8},"end":{"line":96,"column":11}},"44":{"start":{"line":93,"column":25},"end":{"line":93,"column":92}},"45":{"start":{"line":94,"column":12},"end":{"line":94,"column":49}},"46":{"start":{"line":95,"column":12},"end":{"line":95,"column":74}},"47":{"start":{"line":99,"column":8},"end":{"line":122,"column":11}},"48":{"start":{"line":100,"column":31},"end":{"line":100,"column":46}},"49":{"start":{"line":102,"column":12},"end":{"line":121,"column":13}},"50":{"start":{"line":103,"column":33},"end":{"line":107,"column":18}},"51":{"start":{"line":109,"column":29},"end":{"line":109,"column":50}},"52":{"start":{"line":111,"column":16},"end":{"line":118,"column":17}},"53":{"start":{"line":112,"column":20},"end":{"line":112,"column":51}},"54":{"start":{"line":113,"column":20},"end":{"line":113,"column":77}},"55":{"start":{"line":114,"column":20},"end":{"line":114,"column":46}},"56":{"start":{"line":116,"column":20},"end":{"line":116,"column":41}},"57":{"start":{"line":117,"column":20},"end":{"line":117,"column":41}},"58":{"start":{"line":120,"column":16},"end":{"line":120,"column":37}},"59":{"start":{"line":126,"column":0},"end":{"line":126,"column":22}},"60":{"start":{"line":128,"column":0},"end":{"line":130,"column":1}},"61":{"start":{"line":129,"column":4},"end":{"line":129,"column":58}}},"fnMap":{"0":{"name":"(anonymous_0)","decl":{"start":{"line":1,"column":23},"end":{"line":1,"column":24}},"loc":{"start":{"line":1,"column":29},"end":{"line":5,"column":1}},"line":1},"1":{"name":"fetchAndRenderNotes","decl":{"start":{"line":7,"column":15},"end":{"line":7,"column":34}},"loc":{"start":{"line":7,"column":37},"end":{"line":15,"column":1}},"line":7},"2":{"name":"(anonymous_2)","decl":{"start":{"line":22,"column":42},"end":{"line":22,"column":43}},"loc":{"start":{"line":22,"column":48},"end":{"line":26,"column":1}},"line":22},"3":{"name":"(anonymous_3)","decl":{"start":{"line":28,"column":38},"end":{"line":28,"column":39}},"loc":{"start":{"line":28,"column":51},"end":{"line":50,"column":1}},"line":28},"4":{"name":"renderNotes","decl":{"start":{"line":52,"column":9},"end":{"line":52,"column":20}},"loc":{"start":{"line":52,"column":28},"end":{"line":124,"column":1}},"line":52},"5":{"name":"(anonymous_5)","decl":{"start":{"line":55,"column":18},"end":{"line":55,"column":19}},"loc":{"start":{"line":55,"column":26},"end":{"line":123,"column":5}},"line":55},"6":{"name":"(anonymous_6)","decl":{"start":{"line":92,"column":44},"end":{"line":92,"column":45}},"loc":{"start":{"line":92,"column":50},"end":{"line":96,"column":9}},"line":92},"7":{"name":"(anonymous_7)","decl":{"start":{"line":99,"column":44},"end":{"line":99,"column":45}},"loc":{"start":{"line":99,"column":56},"end":{"line":122,"column":9}},"line":99}},"branchMap":{"0":{"loc":{"start":{"line":2,"column":4},"end":{"line":4,"column":5}},"type":"if","locations":[{"start":{"line":2,"column":4},"end":{"line":4,"column":5}},{"start":{},"end":{}}],"line":2},"1":{"loc":{"start":{"line":23,"column":17},"end":{"line":23,"column":89}},"type":"cond-expr","locations":[{"start":{"line":23,"column":70},"end":{"line":23,"column":76}},{"start":{"line":23,"column":79},"end":{"line":23,"column":89}}],"line":23},"2":{"loc":{"start":{"line":25,"column":34},"end":{"line":25,"column":71}},"type":"cond-expr","locations":[{"start":{"line":25,"column":56},"end":{"line":25,"column":62}},{"start":{"line":25,"column":65},"end":{"line":25,"column":71}}],"line":25},"3":{"loc":{"start":{"line":93,"column":25},"end":{"line":93,"column":92}},"type":"cond-expr","locations":[{"start":{"line":93,"column":73},"end":{"line":93,"column":79}},{"start":{"line":93,"column":82},"end":{"line":93,"column":92}}],"line":93},"4":{"loc":{"start":{"line":95,"column":36},"end":{"line":95,"column":73}},"type":"cond-expr","locations":[{"start":{"line":95,"column":58},"end":{"line":95,"column":64}},{"start":{"line":95,"column":67},"end":{"line":95,"column":73}}],"line":95},"5":{"loc":{"start":{"line":111,"column":16},"end":{"line":118,"column":17}},"type":"if","locations":[{"start":{"line":111,"column":16},"end":{"line":118,"column":17}},{"start":{"line":115,"column":23},"end":{"line":118,"column":17}}],"line":111},"6":{"loc":{"start":{"line":111,"column":20},"end":{"line":111,"column":47}},"type":"binary-expr","locations":[{"start":{"line":111,"column":20},"end":{"line":111,"column":31}},{"start":{"line":111,"column":35},"end":{"line":111,"column":47}}],"line":111},"7":{"loc":{"start":{"line":128,"column":0},"end":{"line":130,"column":1}},"type":"if","locations":[{"start":{"line":128,"column":0},"end":{"line":130,"column":1}},{"start":{},"end":{}}],"line":128},"8":{"loc":{"start":{"line":128,"column":4},"end":{"line":128,"column":51}},"type":"binary-expr","locations":[{"start":{"line":128,"column":4},"end":{"line":128,"column":33}},{"start":{"line":128,"column":37},"end":{"line":128,"column":51}}],"line":128}},"s":{"0":10,"1":10,"2":0,"3":13,"4":13,"5":10,"6":2,"7":11,"8":10,"9":10,"10":10,"11":10,"12":10,"13":2,"14":2,"15":2,"16":10,"17":1,"18":1,"19":1,"20":1,"21":1,"22":1,"23":1,"24":1,"25":1,"26":1,"27":0,"28":9,"29":9,"30":9,"31":9,"32":9,"33":9,"34":9,"35":9,"36":9,"37":9,"38":9,"39":9,"40":9,"41":9,"42":9,"43":9,"44":1,"45":1,"46":1,"47":9,"48":3,"49":3,"50":3,"51":2,"52":2,"53":1,"54":1,"55":1,"56":1,"57":1,"58":1,"59":10,"60":10,"61":10},"f":{"0":10,"1":13,"2":2,"3":1,"4":9,"5":9,"6":1,"7":3},"b":{"0":[0,10],"1":[1,1],"2":[1,1],"3":[1,0],"4":[0,1],"5":[1,1],"6":[2,2],"7":[10,0],"8":[10,10]},"_coverageSchema":"1a1c01bbd47fc00a2c39e90264f33305004495a9","hash":"e7cf4686935da54a1f9de388841b2b482b450668"}
}
