TN:
SF:src\app.js
FN:1,(anonymous_0)
FN:7,fetchAndRenderNotes
FN:22,(anonymous_2)
FN:28,(anonymous_3)
FN:52,renderNotes
FN:55,(anonymous_5)
FN:92,(anonymous_6)
FN:99,(anonymous_7)
FNF:8
FNH:8
FNDA:10,(anonymous_0)
FNDA:13,fetchAndRenderNotes
FNDA:2,(anonymous_2)
FNDA:1,(anonymous_3)
FNDA:9,renderNotes
FNDA:9,(anonymous_5)
FNDA:1,(anonymous_6)
FNDA:3,(anonymous_7)
DA:1,10
DA:2,10
DA:3,0
DA:8,13
DA:9,13
DA:10,10
DA:11,2
DA:13,11
DA:17,10
DA:18,10
DA:19,10
DA:20,10
DA:22,10
DA:23,2
DA:24,2
DA:25,2
DA:28,10
DA:29,1
DA:31,1
DA:32,1
DA:33,1
DA:35,1
DA:36,1
DA:42,1
DA:43,1
DA:44,1
DA:46,1
DA:48,0
DA:53,9
DA:55,9
DA:56,9
DA:57,9
DA:60,9
DA:77,9
DA:78,9
DA:79,9
DA:80,9
DA:81,9
DA:82,9
DA:85,9
DA:86,9
DA:87,9
DA:89,9
DA:92,9
DA:93,1
DA:94,1
DA:95,1
DA:99,9
DA:100,3
DA:102,3
DA:103,3
DA:109,2
DA:111,2
DA:112,1
DA:113,1
DA:114,1
DA:116,1
DA:117,1
DA:120,1
DA:126,10
DA:128,10
DA:129,10
LF:62
LH:60
BRDA:2,0,0,0
BRDA:2,0,1,10
BRDA:23,1,0,1
BRDA:23,1,1,1
BRDA:25,2,0,1
BRDA:25,2,1,1
BRDA:93,3,0,1
BRDA:93,3,1,0
BRDA:95,4,0,0
BRDA:95,4,1,1
BRDA:111,5,0,1
BRDA:111,5,1,1
BRDA:111,6,0,2
BRDA:111,6,1,2
BRDA:128,7,0,10
BRDA:128,7,1,0
BRDA:128,8,0,10
BRDA:128,8,1,10
BRF:18
BRH:14
end_of_record
